<?xml version="1.0" encoding="UTF-8"?>
<testng-results skipped="0" failed="0" ignored="0" total="1" passed="1">
  <reporter-output>
  </reporter-output>
  <suite name="Default suite" duration-ms="96" started-at="2021-03-17T10:25:41 GMT" finished-at="2021-03-17T10:25:41 GMT">
    <groups>
    </groups>
    <test name="Default test" duration-ms="96" started-at="2021-03-17T10:25:41 GMT" finished-at="2021-03-17T10:25:41 GMT">
      <class name="classes.BankTest">
        <test-method status="PASS" signature="f()[pri:0, instance:classes.BankTest@2b9627bc]" name="f" duration-ms="15" started-at="2021-03-17T10:25:41 GMT" finished-at="2021-03-17T10:25:41 GMT">
          <reporter-output>
          </reporter-output>
        </test-method> <!-- f -->
      </class> <!-- classes.BankTest -->
    </test> <!-- Default test -->
  </suite> <!-- Default suite -->
</testng-results>
